init-params: initializing eigensolver data
Computing 8 bands with 1.000000e-07 tolerance.
Working in 2 dimensions.
Grid size is 32 x 32 x 1.
Solving for 8 bands at a time.
Creating Maxwell data...
Allocating fields...
Mesh size is 3.
Lattice vectors:
     (0.866025, 0.5, 0)
     (0.866025, -0.5, 0)
     (0, 0, 1)
Cell volume = 0.866025
Reciprocal lattice vectors (/ 2 pi):
     (0.57735, 1, -0)
     (0.57735, -1, 0)
     (-0, 0, 1)
Geometric objects:
     cylinder, center = (0,0,0)
          radius 0.3, height 0.5, axis (0, 0, 1)
          dielectric constant epsilon = 1
Geometric object tree has depth 1 and 1 object nodes (vs. 1 actual objects)
Initializing dielectric function...
16 k-points:
     (0,0,0)
     (-0.0666667,0.0666667,0)
     (-0.133333,0.133333,0)
     (-0.2,0.2,0)
     (-0.266667,0.266667,0)
     (-0.333333,0.333333,0)
     (-0.266667,0.366667,0)
     (-0.2,0.4,0)
     (-0.133333,0.433333,0)
     (-0.0666667,0.466667,0)
     (0,0.5,0)
     (0,0.4,0)
     (0,0.3,0)
     (0,0.2,0)
     (0,0.1,0)
     (0,0,0)
Solving for band polarization: te.
Initializing fields to random numbers...
elapsed time for initialization: 0 seconds.
epsilon: 1-11.7, mean 8.20663, harm. mean 2.7574, 71.3867% > 1, 67.3517% "fill"
Outputting tri-holes-epsilon...
solve_kpoint (0,0,0):
tefreqs:, k index, k1, k2, k3, kmag/2pi, te band 1, te band 2, te band 3, te band 4, te band 5, te band 6, te band 7, te band 8
Solving for bands 2 to 8...
Finished solving for bands 2 to 8 after 23 iterations.
tefreqs:, 1, 0, 0, 0, 0, 0, 0.371363, 0.423056, 0.42336, 0.425244, 0.544977, 0.545042, 0.652206
elapsed time for k point: 0 seconds.
solve_kpoint (-0.0666667,0.0666667,0):
Solving for bands 1 to 8...
Finished solving for bands 1 to 8 after 15 iterations.
tefreqs:, 2, -0.0666667, 0.0666667, 0, 0.133333, 0.0515696, 0.363091, 0.407836, 0.425999, 0.430888, 0.548662, 0.559723, 0.636861
elapsed time for k point: 0 seconds.
solve_kpoint (-0.133333,0.133333,0):
Solving for bands 1 to 8...
Finished solving for bands 1 to 8 after 13 iterations.
tefreqs:, 3, -0.133333, 0.133333, 0, 0.266667, 0.102201, 0.345874, 0.372479, 0.432748, 0.446383, 0.558859, 0.577942, 0.623007
elapsed time for k point: 0 seconds.
solve_kpoint (-0.2,0.2,0):
Solving for bands 1 to 8...
Finished solving for bands 1 to 8 after 15 iterations.
tefreqs:, 4, -0.2, 0.2, 0, 0.4, 0.150335, 0.326936, 0.333833, 0.443564, 0.463908, 0.558613, 0.572925, 0.64695
elapsed time for k point: 0 seconds.
solve_kpoint (-0.266667,0.266667,0):
Solving for bands 1 to 8...
Finished solving for bands 1 to 8 after 89 iterations.
tefreqs:, 5, -0.266667, 0.266667, 0, 0.533333, 0.191472, 0.301533, 0.309201, 0.457211, 0.481955, 0.527417, 0.585822, 0.64857
elapsed time for k point: 1 seconds.
solve_kpoint (-0.333333,0.333333,0):
Solving for bands 1 to 8...
Finished solving for bands 1 to 8 after 11 iterations.
tefreqs:, 6, -0.333333, 0.333333, 0, 0.666667, 0.209753, 0.294277, 0.29436, 0.467448, 0.499706, 0.499798, 0.590738, 0.653413
elapsed time for k point: 0 seconds.
solve_kpoint (-0.266667,0.366667,0):
Solving for bands 1 to 8...
Finished solving for bands 1 to 8 after 19 iterations.
tefreqs:, 7, -0.266667, 0.366667, 0, 0.635959, 0.206316, 0.288381, 0.304873, 0.461833, 0.49668, 0.508119, 0.589793, 0.648025
elapsed time for k point: 0 seconds.
solve_kpoint (-0.2,0.4,0):
Solving for bands 1 to 8...
Finished solving for bands 1 to 8 after 13 iterations.
tefreqs:, 8, -0.2, 0.4, 0, 0.61101, 0.199384, 0.283628, 0.320322, 0.448377, 0.501151, 0.515665, 0.587543, 0.642232
elapsed time for k point: 0 seconds.
solve_kpoint (-0.133333,0.433333,0):
Solving for bands 1 to 8...
Finished solving for bands 1 to 8 after 12 iterations.
tefreqs:, 9, -0.133333, 0.433333, 0, 0.592546, 0.192614, 0.280152, 0.336897, 0.433083, 0.506997, 0.521912, 0.584908, 0.636662
elapsed time for k point: 0 seconds.
solve_kpoint (-0.0666667,0.466667,0):
Solving for bands 1 to 8...
Finished solving for bands 1 to 8 after 12 iterations.
tefreqs:, 10, -0.0666667, 0.466667, 0, 0.581187, 0.187933, 0.278034, 0.351293, 0.419552, 0.511463, 0.526166, 0.58278, 0.632467
elapsed time for k point: 0 seconds.
solve_kpoint (0,0.5,0):
Solving for bands 1 to 8...
Finished solving for bands 1 to 8 after 12 iterations.
tefreqs:, 11, 0, 0.5, 0, 0.57735, 0.186278, 0.277322, 0.357787, 0.413369, 0.513133, 0.527697, 0.581954, 0.630877
elapsed time for k point: 0 seconds.
solve_kpoint (0,0.4,0):
Solving for bands 1 to 8...
Finished solving for bands 1 to 8 after 11 iterations.
tefreqs:, 12, 0, 0.4, 0, 0.46188, 0.168046, 0.293665, 0.360684, 0.414211, 0.493835, 0.547374, 0.576692, 0.63704
elapsed time for k point: 0 seconds.
solve_kpoint (0,0.3,0):
Solving for bands 1 to 8...
Finished solving for bands 1 to 8 after 11 iterations.
tefreqs:, 13, 0, 0.3, 0, 0.34641, 0.131031, 0.323541, 0.370343, 0.4165, 0.470136, 0.565923, 0.570453, 0.650692
elapsed time for k point: 0 seconds.
solve_kpoint (0,0.2,0):
Solving for bands 1 to 8...
Finished solving for bands 1 to 8 after 84 iterations.
tefreqs:, 14, 0, 0.2, 0, 0.23094, 0.0887584, 0.34887, 0.389337, 0.41951, 0.448484, 0.555302, 0.576191, 0.623631
elapsed time for k point: 1 seconds.
solve_kpoint (0,0.1,0):
Solving for bands 1 to 8...
Finished solving for bands 1 to 8 after 13 iterations.
tefreqs:, 15, 0, 0.1, 0, 0.11547, 0.0446957, 0.364895, 0.413086, 0.42212, 0.431144, 0.547738, 0.55652, 0.639909
elapsed time for k point: 0 seconds.
solve_kpoint (0,0,0):
Solving for bands 2 to 8...
Finished solving for bands 2 to 8 after 15 iterations.
tefreqs:, 16, 0, 0, 0, 0, 0, 0.371363, 0.423056, 0.42336, 0.425244, 0.544977, 0.545042, 0.652206
elapsed time for k point: 0 seconds.
Band 1 range: 0.0 at #(0.0 0.0 0.0) to 0.2097531392272629 at #(-0.3333333333333333 0.3333333333333333 0.0)
Band 2 range: 0.2773223455774701 at #(0.0 0.5 0.0) to 0.3713630335642917 at #(0.0 0.0 0.0)
Band 3 range: 0.29436033076264023 at #(-0.3333333333333333 0.3333333333333333 0.0) to 0.42305599128567817 at #(0.0 0.0 0.0)
Band 4 range: 0.4133690075883246 at #(0.0 0.5 0.0) to 0.4674477378076377 at #(-0.3333333333333333 0.3333333333333333 0.0)
Band 5 range: 0.42524355169579237 at #(0.0 0.0 0.0) to 0.5131332715717781 at #(0.0 0.5 0.0)
Band 6 range: 0.49979772076479545 at #(-0.3333333333333333 0.3333333333333333 0.0) to 0.5659227967283238 at #(0.0 0.30000000000000004 0.0)
Band 7 range: 0.5450421369903433 at #(0.0 0.0 0.0) to 0.5907383524930138 at #(-0.3333333333333333 0.3333333333333333 0.0)
Band 8 range: 0.6230072818330041 at #(-0.13333333333333336 0.13333333333333336 0.0) to 0.6534132171258127 at #(-0.3333333333333333 0.3333333333333333 0.0)
Gap from band 1 (0.2097531392272629) to band 2 (0.2773223455774701), 27.744860276552604%
Gap from band 7 (0.5907383524930138) to band 8 (0.6230072818330041), 5.317247440878998%
total elapsed time for run: 2 seconds.
done.
init-params: initializing eigensolver data
Computing 8 bands with 1.000000e-07 tolerance.
Working in 2 dimensions.
Grid size is 32 x 32 x 1.
Solving for 8 bands at a time.
Creating Maxwell data...
Mesh size is 3.
Lattice vectors:
     (0.866025, 0.5, 0)
     (0.866025, -0.5, 0)
     (0, 0, 1)
Cell volume = 0.866025
Reciprocal lattice vectors (/ 2 pi):
     (0.57735, 1, -0)
     (0.57735, -1, 0)
     (-0, 0, 1)
Geometric objects:
     cylinder, center = (0,0,0)
          radius 0.3, height 0.5, axis (0, 0, 1)
          dielectric constant epsilon = 1
Geometric object tree has depth 1 and 1 object nodes (vs. 1 actual objects)
Initializing dielectric function...
16 k-points:
     (0,0,0)
     (-0.0666667,0.0666667,0)
     (-0.133333,0.133333,0)
     (-0.2,0.2,0)
     (-0.266667,0.266667,0)
     (-0.333333,0.333333,0)
     (-0.266667,0.366667,0)
     (-0.2,0.4,0)
     (-0.133333,0.433333,0)
     (-0.0666667,0.466667,0)
     (0,0.5,0)
     (0,0.4,0)
     (0,0.3,0)
     (0,0.2,0)
     (0,0.1,0)
     (0,0,0)
Solving for band polarization: tm.
Initializing fields to random numbers...
elapsed time for initialization: 0 seconds.
epsilon: 1-11.7, mean 8.20663, harm. mean 2.7574, 71.3867% > 1, 67.3517% "fill"
Outputting tri-holes-epsilon...
solve_kpoint (0,0,0):
tmfreqs:, k index, k1, k2, k3, kmag/2pi, tm band 1, tm band 2, tm band 3, tm band 4, tm band 5, tm band 6, tm band 7, tm band 8
Solving for bands 2 to 8...
Finished solving for bands 2 to 8 after 66 iterations.
tmfreqs:, 1, 0, 0, 0, 0, 0, 0.34144, 0.354326, 0.354402, 0.424821, 0.425051, 0.562852, 0.639858
elapsed time for k point: 1 seconds.
solve_kpoint (-0.0666667,0.0666667,0):
Solving for bands 1 to 8...
Finished solving for bands 1 to 8 after 71 iterations.
tmfreqs:, 2, -0.0666667, 0.0666667, 0, 0.133333, 0.046451, 0.318195, 0.349528, 0.372963, 0.423849, 0.432896, 0.567384, 0.61108
elapsed time for k point: 0 seconds.
solve_kpoint (-0.133333,0.133333,0):
Solving for bands 1 to 8...
Finished solving for bands 1 to 8 after 9 iterations.
tmfreqs:, 3, -0.133333, 0.133333, 0, 0.266667, 0.0923128, 0.288229, 0.334851, 0.390784, 0.425011, 0.454498, 0.56371, 0.589468
elapsed time for k point: 0 seconds.
solve_kpoint (-0.2,0.2,0):
Solving for bands 1 to 8...
Finished solving for bands 1 to 8 after 8 iterations.
tmfreqs:, 4, -0.2, 0.2, 0, 0.4, 0.136746, 0.258815, 0.313055, 0.406454, 0.432004, 0.483911, 0.532732, 0.584063
elapsed time for k point: 0 seconds.
solve_kpoint (-0.266667,0.266667,0):
Solving for bands 1 to 8...
Finished solving for bands 1 to 8 after 8 iterations.
tmfreqs:, 5, -0.266667, 0.266667, 0, 0.533333, 0.177836, 0.231747, 0.290742, 0.423029, 0.442535, 0.498942, 0.515841, 0.573422
elapsed time for k point: 0 seconds.
solve_kpoint (-0.333333,0.333333,0):
Solving for bands 1 to 8...
Finished solving for bands 1 to 8 after 11 iterations.
tmfreqs:, 6, -0.333333, 0.333333, 0, 0.666667, 0.208675, 0.20872, 0.279012, 0.441272, 0.441322, 0.479909, 0.538289, 0.560044
elapsed time for k point: 0 seconds.
solve_kpoint (-0.266667,0.366667,0):
Solving for bands 1 to 8...
Finished solving for bands 1 to 8 after 14 iterations.
tmfreqs:, 7, -0.266667, 0.366667, 0, 0.635959, 0.199279, 0.215312, 0.283082, 0.428274, 0.451, 0.483638, 0.533192, 0.552974
elapsed time for k point: 0 seconds.
solve_kpoint (-0.2,0.4,0):
Solving for bands 1 to 8...
Finished solving for bands 1 to 8 after 7 iterations.
tmfreqs:, 8, -0.2, 0.4, 0, 0.61101, 0.191611, 0.215927, 0.294223, 0.411843, 0.460973, 0.49123, 0.524301, 0.545362
elapsed time for k point: 1 seconds.
solve_kpoint (-0.133333,0.433333,0):
Solving for bands 1 to 8...
Finished solving for bands 1 to 8 after 6 iterations.
tmfreqs:, 9, -0.133333, 0.433333, 0, 0.592546, 0.185922, 0.213961, 0.308925, 0.394856, 0.471035, 0.500034, 0.514651, 0.5374
elapsed time for k point: 0 seconds.
solve_kpoint (-0.0666667,0.466667,0):
Solving for bands 1 to 8...
Finished solving for bands 1 to 8 after 6 iterations.
tmfreqs:, 10, -0.0666667, 0.466667, 0, 0.581187, 0.182417, 0.211996, 0.32338, 0.379538, 0.480731, 0.505141, 0.508893, 0.529305
elapsed time for k point: 0 seconds.
solve_kpoint (0,0.5,0):
Solving for bands 1 to 8...
Finished solving for bands 1 to 8 after 5 iterations.
tmfreqs:, 11, 0, 0.5, 0, 0.57735, 0.181233, 0.21123, 0.330755, 0.371945, 0.486754, 0.499176, 0.514733, 0.523756
elapsed time for k point: 0 seconds.
solve_kpoint (0,0.4,0):
Solving for bands 1 to 8...
Finished solving for bands 1 to 8 after 6 iterations.
tmfreqs:, 12, 0, 0.4, 0, 0.46188, 0.156192, 0.234307, 0.332444, 0.373897, 0.470623, 0.484625, 0.53125, 0.539414
elapsed time for k point: 0 seconds.
solve_kpoint (0,0.3,0):
Solving for bands 1 to 8...
Finished solving for bands 1 to 8 after 8 iterations.
tmfreqs:, 13, 0, 0.3, 0, 0.34641, 0.119129, 0.265527, 0.337239, 0.378469, 0.447656, 0.463784, 0.554889, 0.5638
elapsed time for k point: 0 seconds.
solve_kpoint (0,0.2,0):
Solving for bands 1 to 8...
Finished solving for bands 1 to 8 after 9 iterations.
tmfreqs:, 14, 0, 0.2, 0, 0.23094, 0.0801209, 0.295021, 0.344186, 0.380173, 0.429959, 0.444848, 0.569469, 0.589552
elapsed time for k point: 0 seconds.
solve_kpoint (0,0.1,0):
Solving for bands 1 to 8...
Finished solving for bands 1 to 8 after 9 iterations.
tmfreqs:, 15, 0, 0.1, 0, 0.11547, 0.0402479, 0.321997, 0.351154, 0.369814, 0.424429, 0.430614, 0.56646, 0.615812
elapsed time for k point: 0 seconds.
solve_kpoint (0,0,0):
Solving for bands 2 to 8...
Finished solving for bands 2 to 8 after 53 iterations.
tmfreqs:, 16, 0, 0, 0, 0, 0, 0.34144, 0.354326, 0.354402, 0.424821, 0.425051, 0.562852, 0.639858
elapsed time for k point: 0 seconds.
Band 1 range: 0.0 at #(0.0 0.0 0.0) to 0.2086753258852339 at #(-0.3333333333333333 0.3333333333333333 0.0)
Band 2 range: 0.2087199826500015 at #(-0.3333333333333333 0.3333333333333333 0.0) to 0.3414398888800846 at #(0.0 0.0 0.0)
Band 3 range: 0.27901186623998586 at #(-0.3333333333333333 0.3333333333333333 0.0) to 0.35432551086039826 at #(0.0 0.0 0.0)
Band 4 range: 0.35440207508010213 at #(0.0 0.0 0.0) to 0.4412720493035696 at #(-0.3333333333333333 0.3333333333333333 0.0)
Band 5 range: 0.42384909450403424 at #(-0.0666666666666667 0.0666666666666667 0.0) to 0.4867540184913599 at #(0.0 0.5 0.0)
Band 6 range: 0.4250514858512504 at #(0.0 0.0 0.0) to 0.5051411031471976 at #(-0.06666666666666667 0.4666666666666667 0.0)
Band 7 range: 0.5088930199936288 at #(-0.06666666666666667 0.4666666666666667 0.0) to 0.5694685507645512 at #(0.0 0.2 0.0)
Band 8 range: 0.523756332417621 at #(0.0 0.5 0.0) to 0.6398580745508422 at #(0.0 0.0 0.0)
Gap from band 1 (0.2086753258852339) to band 2 (0.2087199826500015), 0.021397827840614943%
Gap from band 3 (0.35432551086039826) to band 4 (0.35440207508010213), 0.021606106837866238%
Gap from band 6 (0.5051411031471976) to band 7 (0.5088930199936288), 0.7399981442064573%
total elapsed time for run: 2 seconds.
done.
