init-params: initializing eigensolver data
Computing 9 bands with 1.000000e-07 tolerance.
Working in 3 dimensions.
Grid size is 32 x 32 x 64.
Solving for 9 bands at a time.
Creating Maxwell data...
Allocating fields...
Mesh size is 3.
Lattice vectors:
     (0.866025, 0.5, 0)
     (0.866025, -0.5, 0)
     (0, 0, 4)
Cell volume = 3.4641
Reciprocal lattice vectors (/ 2 pi):
     (0.57735, 1, -0)
     (0.57735, -1, 0)
     (-0, 0, 0.25)
Geometric objects:
     block, center = (0,0,1)
          size (1e+20,1e+20,2)
          axes (1,0,0), (0,1,0), (0,0,1)
          dielectric constant epsilon = 1
     block, center = (0,0,0)
          size (1e+20,1e+20,0.5)
          axes (1,0,0), (0,1,0), (0,0,1)
          dielectric constant epsilon = 11.7
     cylinder, center = (0,0,0)
          radius 0.3, height 4, axis (0, 0, 1)
          dielectric constant epsilon = 1
Geometric object tree has depth 3 and 41 object nodes (vs. 3 actual objects)
Initializing dielectric function...
16 k-points:
     (0,0,0)
     (0,0.1,0)
     (0,0.2,0)
     (0,0.3,0)
     (0,0.4,0)
     (0,0.5,0)
     (-0.0666667,0.466667,0)
     (-0.133333,0.433333,0)
     (-0.2,0.4,0)
     (-0.266667,0.366667,0)
     (-0.333333,0.333333,0)
     (-0.266667,0.266667,0)
     (-0.2,0.2,0)
     (-0.133333,0.133333,0)
     (-0.0666667,0.0666667,0)
     (0,0,0)
Solving for band polarization: zeven.
Initializing fields to random numbers...
elapsed time for initialization: 1 seconds.
epsilon: 1-11.7, mean 1.90624, harm. mean 1.09658, 10.0021% > 1, 8.46955% "fill"
Outputting tri-holes-epsilon...
solve_kpoint (0,0,0):
zevenfreqs:, k index, k1, k2, k3, kmag/2pi, zeven band 1, zeven band 2, zeven band 3, zeven band 4, zeven band 5, zeven band 6, zeven band 7, zeven band 8, zeven band 9
Solving for bands 2 to 9...
    iteration    7: trace = 1.273831103653973 (0.419803% change)
    iteration   15: trace = 1.271566576452191 (1.64105e-05% change)
Finished solving for bands 2 to 9 after 16 iterations.
zevenfreqs:, 1, 0, 0, 0, 0, 0, 0.177912, 0.177962, 0.412118, 0.412149, 0.425114, 0.477341, 0.477688, 0.481428
elapsed time for k point: 9 seconds.
solve_kpoint (0,0.1,0):
Solving for bands 1 to 9...
    iteration    7: trace = 1.314603557597096 (0.00101178% change)
Finished solving for bands 1 to 9 after 11 iterations.
zevenfreqs:, 2, 0, 0.1, 0, 0.11547, 0.0837605, 0.203514, 0.209728, 0.4191, 0.42444, 0.424938, 0.472264, 0.477272, 0.484757
elapsed time for k point: 8 seconds.
solve_kpoint (0,0.2,0):
Solving for bands 1 to 9...
    iteration    6: trace = 1.450787160006203 (0.000454646% change)
Finished solving for bands 1 to 9 after 10 iterations.
zevenfreqs:, 3, 0, 0.2, 0, 0.23094, 0.147709, 0.27566, 0.283567, 0.40601, 0.440825, 0.454482, 0.473897, 0.48114, 0.50077
elapsed time for k point: 7 seconds.
solve_kpoint (0,0.3,0):
Solving for bands 1 to 9...
    iteration    7: trace = 1.683690705554918 (0.000454012% change)
Finished solving for bands 1 to 9 after 10 iterations.
zevenfreqs:, 4, 0, 0.3, 0, 0.34641, 0.19494, 0.370526, 0.371732, 0.388503, 0.427906, 0.468243, 0.517713, 0.518186, 0.529508
elapsed time for k point: 6 seconds.
solve_kpoint (0,0.4,0):
Solving for bands 1 to 9...
    iteration    7: trace = 1.999189382054436 (0.00494844% change)
    iteration   14: trace = 1.998161973454037 (0.0111533% change)
    iteration   21: trace = 1.997602867770066 (0.00109777% change)
Finished solving for bands 1 to 9 after 27 iterations.
zevenfreqs:, 5, 0, 0.4, 0, 0.46188, 0.230915, 0.360628, 0.418325, 0.444037, 0.481881, 0.486373, 0.542302, 0.574323, 0.59104
elapsed time for k point: 17 seconds.
solve_kpoint (0,0.5,0):
Solving for bands 1 to 9...
    iteration    7: trace = 2.176393491997352 (0.768013% change)
    iteration   14: trace = 2.153555800494613 (0.0115888% change)
    iteration   21: trace = 2.153054697079038 (0.004271% change)
    iteration   28: trace = 2.152471170390335 (0.000761127% change)
    iteration   35: trace = 2.152458750181014 (5.01981e-06% change)
Finished solving for bands 1 to 9 after 35 iterations.
zevenfreqs:, 6, 0, 0.5, 0, 0.57735, 0.246892, 0.348155, 0.415641, 0.455422, 0.545893, 0.549398, 0.561636, 0.572211, 0.58943
elapsed time for k point: 23 seconds.
solve_kpoint (-0.0666667,0.466667,0):
Solving for bands 1 to 9...
    iteration    7: trace = 2.159908564789543 (0.00212472% change)
    iteration   14: trace = 2.159881874403033 (1.60667e-05% change)
Finished solving for bands 1 to 9 after 15 iterations.
zevenfreqs:, 7, -0.0666667, 0.466667, 0, 0.581187, 0.248518, 0.348591, 0.408946, 0.462395, 0.547373, 0.54817, 0.563246, 0.571512, 0.592942
elapsed time for k point: 10 seconds.
solve_kpoint (-0.133333,0.433333,0):
Solving for bands 1 to 9...
    iteration    7: trace = 2.181976929060991 (0.00195311% change)
    iteration   14: trace = 2.181945928092416 (1.39519e-05% change)
Finished solving for bands 1 to 9 after 15 iterations.
zevenfreqs:, 8, -0.133333, 0.433333, 0, 0.592546, 0.253072, 0.349924, 0.395438, 0.47686, 0.544598, 0.550258, 0.567957, 0.570818, 0.603247
elapsed time for k point: 9 seconds.
solve_kpoint (-0.2,0.4,0):
Solving for bands 1 to 9...
    iteration    7: trace = 2.217628345579973 (0.00292068% change)
    iteration   16: trace = 2.217543423157596 (7.7441e-06% change)
Finished solving for bands 1 to 9 after 16 iterations.
zevenfreqs:, 9, -0.2, 0.4, 0, 0.61101, 0.259529, 0.352203, 0.380885, 0.493446, 0.539318, 0.549671, 0.574593, 0.575098, 0.619421
elapsed time for k point: 9 seconds.
solve_kpoint (-0.266667,0.366667,0):
Solving for bands 1 to 9...
    iteration    7: trace = 2.262783399441511 (0.014134% change)
    iteration   14: trace = 2.259466408630426 (0.0298999% change)
    iteration   21: trace = 2.252532173411534 (0.0604227% change)
    iteration   28: trace = 2.244875931317014 (0.0367265% change)
    iteration   35: trace = 2.240231288801243 (0.0303335% change)
    iteration   42: trace = 2.236194807221539 (0.0212727% change)
    iteration   49: trace = 2.23243250236365 (0.0227585% change)
    iteration   56: trace = 2.230175315537615 (0.010535% change)
    iteration   63: trace = 2.229476551778205 (0.00140194% change)
    iteration   70: trace = 2.22936977891155 (0.000492841% change)
Finished solving for bands 1 to 9 after 74 iterations.
zevenfreqs:, 10, -0.266667, 0.366667, 0, 0.635959, 0.265921, 0.355473, 0.367987, 0.510065, 0.533643, 0.543851, 0.583531, 0.583831, 0.612202
elapsed time for k point: 45 seconds.
solve_kpoint (-0.333333,0.333333,0):
Solving for bands 1 to 9...
    iteration    7: trace = 2.231714400303082 (0.00228234% change)
    iteration   14: trace = 2.231672932921351 (1.54741e-05% change)
Finished solving for bands 1 to 9 after 15 iterations.
zevenfreqs:, 11, -0.333333, 0.333333, 0, 0.666667, 0.268967, 0.359709, 0.359756, 0.519682, 0.534583, 0.534829, 0.592215, 0.592372, 0.597494
elapsed time for k point: 10 seconds.
Outputting fields to tri-holes-h.k11.b01.z.zeven...
Outputting fields to tri-holes-h.k11.b02.z.zeven...
Outputting fields to tri-holes-h.k11.b03.z.zeven...
Outputting fields to tri-holes-h.k11.b04.z.zeven...
Outputting fields to tri-holes-h.k11.b05.z.zeven...
Outputting fields to tri-holes-h.k11.b06.z.zeven...
Outputting fields to tri-holes-h.k11.b07.z.zeven...
Outputting fields to tri-holes-h.k11.b08.z.zeven...
Outputting fields to tri-holes-h.k11.b09.z.zeven...
solve_kpoint (-0.266667,0.266667,0):
Solving for bands 1 to 9...
    iteration    7: trace = 2.176543855607097 (0.525814% change)
    iteration   14: trace = 2.148759966884076 (0.0203465% change)
    iteration   21: trace = 2.147568877662736 (0.00674351% change)
    iteration   28: trace = 2.145698747086937 (0.0200891% change)
    iteration   35: trace = 2.144651930970604 (0.00110805% change)
    iteration   42: trace = 2.143235243259061 (0.0222964% change)
    iteration   49: trace = 2.139034743175243 (0.0161647% change)
    iteration   56: trace = 2.13753890811785 (0.00792223% change)
    iteration   63: trace = 2.136745352934827 (0.00377622% change)
    iteration   70: trace = 2.136260979524675 (0.00633104% change)
    iteration   77: trace = 2.136101206362113 (0.000385033% change)
    iteration   85: trace = 2.136076808875779 (3.81664e-05% change)
Finished solving for bands 1 to 9 after 89 iterations.
zevenfreqs:, 12, -0.266667, 0.266667, 0, 0.533333, 0.253113, 0.366742, 0.370992, 0.501439, 0.50846, 0.545275, 0.549241, 0.566875, 0.607917
elapsed time for k point: 54 seconds.
solve_kpoint (-0.2,0.2,0):
Solving for bands 1 to 9...
    iteration    8: trace = 1.881730024001205 (0.0212522% change)
    iteration   16: trace = 1.879307823927332 (0.0119351% change)
    iteration   25: trace = 1.877187630620255 (0.0155902% change)
    iteration   32: trace = 1.874161420480346 (0.0291906% change)
    iteration   38: trace = 1.871168182077592 (0.022465% change)
    iteration   44: trace = 1.868792959771528 (0.0217668% change)
    iteration   51: trace = 1.865735601575109 (0.0252167% change)
    iteration   58: trace = 1.861322985173959 (0.0433251% change)
    iteration   65: trace = 1.83766771803524 (0.175511% change)
    iteration   71: trace = 1.820750630848937 (0.0269715% change)
    iteration   78: trace = 1.820521716188543 (6.03758e-05% change)
Finished solving for bands 1 to 9 after 81 iterations.
zevenfreqs:, 13, -0.2, 0.2, 0, 0.4, 0.214511, 0.383051, 0.393314, 0.419099, 0.425618, 0.495925, 0.510329, 0.546981, 0.557425
elapsed time for k point: 51 seconds.
solve_kpoint (-0.133333,0.133333,0):
Solving for bands 1 to 9...
    iteration    7: trace = 1.512466523185838 (0.000503832% change)
Finished solving for bands 1 to 9 after 10 iterations.
zevenfreqs:, 14, -0.133333, 0.133333, 0, 0.266667, 0.163713, 0.304263, 0.310116, 0.403733, 0.428291, 0.471476, 0.484705, 0.48951, 0.503621
elapsed time for k point: 7 seconds.
solve_kpoint (-0.0666667,0.0666667,0):
Solving for bands 1 to 9...
    iteration    6: trace = 1.329313190130529 (0.000949756% change)
Finished solving for bands 1 to 9 after 9 iterations.
zevenfreqs:, 15, -0.0666667, 0.0666667, 0, 0.133333, 0.0951521, 0.211969, 0.219266, 0.417847, 0.427523, 0.429088, 0.468705, 0.480444, 0.485022
elapsed time for k point: 7 seconds.
solve_kpoint (0,0,0):
Solving for bands 2 to 9...
    iteration    8: trace = 1.27157030177805 (0.000771253% change)
Finished solving for bands 2 to 9 after 12 iterations.
zevenfreqs:, 16, 0, 0, 0, 0, 0, 0.177912, 0.177962, 0.412119, 0.412149, 0.425114, 0.477341, 0.477688, 0.481428
elapsed time for k point: 7 seconds.
Band 1 range: 0.0 at #(0.0 0.0 0.0) to 0.26896715341913496 at #(-0.3333333333333333 0.3333333333333333 0.0)
Band 2 range: 0.17791177140889752 at #(0.0 0.0 0.0) to 0.383050984776995 at #(-0.2 0.2 0.0)
Band 3 range: 0.17796150446830328 at #(0.0 0.0 0.0) to 0.4183254915275341 at #(0.0 0.4 0.0)
Band 4 range: 0.38850277297747676 at #(0.0 0.30000000000000004 0.0) to 0.519682351169167 at #(-0.3333333333333333 0.3333333333333333 0.0)
Band 5 range: 0.412148625213851 at #(0.0 0.0 0.0) to 0.5473732489548737 at #(-0.0666666666666667 0.4666666666666666 0.0)
Band 6 range: 0.42493803677714037 at #(0.0 0.10000000000000003 0.0) to 0.5502584004912986 at #(-0.13333333333333336 0.4333333333333333 0.0)
Band 7 range: 0.46870545054358137 at #(-0.06666666666666667 0.06666666666666667 0.0) to 0.5922153971177996 at #(-0.3333333333333333 0.3333333333333333 0.0)
Band 8 range: 0.4772717090011508 at #(0.0 0.10000000000000003 0.0) to 0.5923724172754676 at #(-0.3333333333333333 0.3333333333333333 0.0)
Band 9 range: 0.4814279831681349 at #(0.0 0.0 0.0) to 0.6194210914919456 at #(-0.2 0.39999999999999997 0.0)
total elapsed time for run: 4 minutes, 40 seconds.
done.
init-params: initializing eigensolver data
Computing 9 bands with 1.000000e-07 tolerance.
Working in 3 dimensions.
Grid size is 32 x 32 x 64.
Solving for 9 bands at a time.
Creating Maxwell data...
Mesh size is 3.
Lattice vectors:
     (0.866025, 0.5, 0)
     (0.866025, -0.5, 0)
     (0, 0, 4)
Cell volume = 3.4641
Reciprocal lattice vectors (/ 2 pi):
     (0.57735, 1, -0)
     (0.57735, -1, 0)
     (-0, 0, 0.25)
Geometric objects:
     block, center = (0,0,1)
          size (1e+20,1e+20,2)
          axes (1,0,0), (0,1,0), (0,0,1)
          dielectric constant epsilon = 1
     block, center = (0,0,0)
          size (1e+20,1e+20,0.5)
          axes (1,0,0), (0,1,0), (0,0,1)
          dielectric constant epsilon = 11.7
     cylinder, center = (0,0,0)
          radius 0.3, height 4, axis (0, 0, 1)
          dielectric constant epsilon = 1
Geometric object tree has depth 3 and 41 object nodes (vs. 3 actual objects)
Initializing dielectric function...
16 k-points:
     (0,0,0)
     (0,0.1,0)
     (0,0.2,0)
     (0,0.3,0)
     (0,0.4,0)
     (0,0.5,0)
     (-0.0666667,0.466667,0)
     (-0.133333,0.433333,0)
     (-0.2,0.4,0)
     (-0.266667,0.366667,0)
     (-0.333333,0.333333,0)
     (-0.266667,0.266667,0)
     (-0.2,0.2,0)
     (-0.133333,0.133333,0)
     (-0.0666667,0.0666667,0)
     (0,0,0)
Solving for band polarization: zodd.
Initializing fields to random numbers...
elapsed time for initialization: 0 seconds.
epsilon: 1-11.7, mean 1.90624, harm. mean 1.09658, 10.0021% > 1, 8.46955% "fill"
Outputting tri-holes-epsilon...
solve_kpoint (0,0,0):
zoddfreqs:, k index, k1, k2, k3, kmag/2pi, zodd band 1, zodd band 2, zodd band 3, zodd band 4, zodd band 5, zodd band 6, zodd band 7, zodd band 8, zodd band 9
Solving for bands 2 to 9...
    iteration    7: trace = 1.327021308521149 (1.03484% change)
    iteration   15: trace = 1.314037585330252 (0.00108448% change)
    iteration   23: trace = 1.314025471784184 (6.74802e-05% change)
    iteration   31: trace = 1.313827281865291 (0.00115627% change)
Finished solving for bands 2 to 9 after 38 iterations.
zoddfreqs:, 1, 0, 0, 0, 0, 0, 0.236321, 0.236359, 0.383662, 0.383852, 0.453594, 0.465226, 0.46558, 0.518278
elapsed time for k point: 22 seconds.
solve_kpoint (0,0.1,0):
Solving for bands 1 to 9...
    iteration    7: trace = 1.355537702555056 (0.0168275% change)
    iteration   14: trace = 1.354827023648616 (0.0129681% change)
    iteration   21: trace = 1.354615750620604 (6.05443e-05% change)
Finished solving for bands 1 to 9 after 23 iterations.
zoddfreqs:, 2, 0, 0.1, 0, 0.11547, 0.108638, 0.253714, 0.258873, 0.391716, 0.393412, 0.441044, 0.46239, 0.475499, 0.518449
elapsed time for k point: 15 seconds.
solve_kpoint (0,0.2,0):
Solving for bands 1 to 9...
    iteration    7: trace = 1.47831726323241 (0.00151661% change)
Finished solving for bands 1 to 9 after 12 iterations.
zoddfreqs:, 3, 0, 0.2, 0, 0.23094, 0.210461, 0.299051, 0.31266, 0.416314, 0.419166, 0.428159, 0.455895, 0.482189, 0.523588
elapsed time for k point: 7 seconds.
solve_kpoint (0,0.3,0):
Solving for bands 1 to 9...
    iteration    7: trace = 1.684262623690529 (0.00123669% change)
Finished solving for bands 1 to 9 after 12 iterations.
zoddfreqs:, 4, 0, 0.3, 0, 0.34641, 0.285505, 0.368163, 0.372636, 0.402986, 0.447184, 0.465325, 0.477654, 0.481923, 0.537621
elapsed time for k point: 8 seconds.
solve_kpoint (0,0.4,0):
Solving for bands 1 to 9...
    iteration    7: trace = 1.952521021493632 (0.0441541% change)
    iteration   14: trace = 1.951628765820422 (0.000221252% change)
    iteration   21: trace = 1.951605361992584 (0.000562352% change)
    iteration   28: trace = 1.951292825533452 (0.00167625% change)
    iteration   35: trace = 1.9509921501354 (0.00299994% change)
    iteration   42: trace = 1.95045885175724 (0.00366966% change)
    iteration   49: trace = 1.9501326116101 (0.00156902% change)
    iteration   55: trace = 1.949997467005286 (0.00100452% change)
    iteration   62: trace = 1.949860153676332 (0.00102334% change)
    iteration   69: trace = 1.949730377336264 (0.000919353% change)
    iteration   76: trace = 1.947033703957817 (0.00855666% change)
    iteration   83: trace = 1.94659406102996 (0.00047029% change)
    iteration   90: trace = 1.946586351064519 (1.34694e-05% change)
Finished solving for bands 1 to 9 after 93 iterations.
zoddfreqs:, 5, 0, 0.4, 0, 0.46188, 0.327765, 0.381344, 0.403732, 0.439654, 0.473192, 0.475826, 0.529712, 0.549342, 0.552036
elapsed time for k point: 1 minute, 1 seconds.
solve_kpoint (0,0.5,0):
Solving for bands 1 to 9...
    iteration    7: trace = 2.091246172016139 (0.0676145% change)
    iteration   14: trace = 2.088159430721112 (0.0205188% change)
    iteration   21: trace = 2.086788259986574 (0.00115017% change)
    iteration   28: trace = 2.086769808763855 (7.77983e-06% change)
Finished solving for bands 1 to 9 after 28 iterations.
zoddfreqs:, 6, 0, 0.5, 0, 0.57735, 0.353657, 0.360627, 0.419192, 0.432674, 0.474089, 0.537615, 0.553949, 0.56187, 0.576514
elapsed time for k point: 18 seconds.
solve_kpoint (-0.0666667,0.466667,0):
Solving for bands 1 to 9...
    iteration    7: trace = 2.091638203206656 (0.00710389% change)
    iteration   14: trace = 2.0914830989827 (5.8472e-05% change)
Finished solving for bands 1 to 9 after 18 iterations.
zoddfreqs:, 7, -0.0666667, 0.466667, 0, 0.581187, 0.354821, 0.360827, 0.420717, 0.428916, 0.477332, 0.538633, 0.545758, 0.569695, 0.577963
elapsed time for k point: 12 seconds.
solve_kpoint (-0.133333,0.433333,0):
Solving for bands 1 to 9...
    iteration    7: trace = 2.103983399873233 (0.0107816% change)
    iteration   14: trace = 2.103785014516084 (0.000215198% change)
Finished solving for bands 1 to 9 after 20 iterations.
zoddfreqs:, 8, -0.133333, 0.433333, 0, 0.592546, 0.358176, 0.361563, 0.420048, 0.424849, 0.484598, 0.534654, 0.541813, 0.57468, 0.58593
elapsed time for k point: 12 seconds.
solve_kpoint (-0.2,0.4,0):
Solving for bands 1 to 9...
    iteration    8: trace = 2.120825860396759 (0.00701079% change)
    iteration   15: trace = 2.120066641401438 (0.00626778% change)
    iteration   22: trace = 2.115254155897806 (0.0413408% change)
    iteration   29: trace = 2.110392276211294 (0.0276072% change)
    iteration   37: trace = 2.106442228613631 (0.0216657% change)
    iteration   44: trace = 2.103799682273877 (0.0146948% change)
    iteration   51: trace = 2.101975445342178 (0.0112356% change)
    iteration   58: trace = 2.100565488348952 (0.00830515% change)
    iteration   65: trace = 2.099435835635756 (0.00664785% change)
    iteration   72: trace = 2.097707307913596 (0.00662785% change)
    iteration   78: trace = 2.097629114092042 (7.99948e-05% change)
Finished solving for bands 1 to 9 after 83 iterations.
zoddfreqs:, 9, -0.2, 0.4, 0, 0.61101, 0.363114, 0.363247, 0.40922, 0.430339, 0.492753, 0.523818, 0.54735, 0.572589, 0.580115
elapsed time for k point: 53 seconds.
solve_kpoint (-0.266667,0.366667,0):
Solving for bands 1 to 9...
    iteration    7: trace = 2.092732963191577 (0.00264227% change)
    iteration   13: trace = 2.092692993340237 (2.06395e-05% change)
Finished solving for bands 1 to 9 after 15 iterations.
zoddfreqs:, 10, -0.266667, 0.366667, 0, 0.635959, 0.365742, 0.368649, 0.398666, 0.435352, 0.500344, 0.514147, 0.555225, 0.568636, 0.572925
elapsed time for k point: 10 seconds.
solve_kpoint (-0.333333,0.333333,0):
Solving for bands 1 to 9...
    iteration    7: trace = 2.091233760264671 (0.0014697% change)
Finished solving for bands 1 to 9 after 13 iterations.
zoddfreqs:, 11, -0.333333, 0.333333, 0, 0.666667, 0.369459, 0.369527, 0.393304, 0.437572, 0.506677, 0.506947, 0.564475, 0.564713, 0.566353
elapsed time for k point: 7 seconds.
Outputting fields to tri-holes-d.k11.b01.z.zodd...
Outputting fields to tri-holes-d.k11.b02.z.zodd...
Outputting fields to tri-holes-d.k11.b03.z.zodd...
Outputting fields to tri-holes-d.k11.b04.z.zodd...
Outputting fields to tri-holes-d.k11.b05.z.zodd...
Outputting fields to tri-holes-d.k11.b06.z.zodd...
Outputting fields to tri-holes-d.k11.b07.z.zodd...
Outputting fields to tri-holes-d.k11.b08.z.zodd...
Outputting fields to tri-holes-d.k11.b09.z.zodd...
solve_kpoint (-0.266667,0.266667,0):
Solving for bands 1 to 9...
    iteration    7: trace = 2.072554282528533 (0.267091% change)
    iteration   16: trace = 2.038976773571038 (0.00546684% change)
    iteration   24: trace = 2.038873896598836 (3.39556e-05% change)
Finished solving for bands 1 to 9 after 26 iterations.
zoddfreqs:, 12, -0.266667, 0.266667, 0, 0.533333, 0.346361, 0.379989, 0.40714, 0.426771, 0.500494, 0.515057, 0.538075, 0.556955, 0.55778
elapsed time for k point: 14 seconds.
solve_kpoint (-0.2,0.2,0):
Solving for bands 1 to 9...
    iteration    8: trace = 1.790642568384624 (0.0496635% change)
    iteration   16: trace = 1.78992763025084 (0.000162547% change)
Finished solving for bands 1 to 9 after 19 iterations.
zoddfreqs:, 13, -0.2, 0.2, 0, 0.4, 0.307844, 0.383001, 0.40599, 0.417136, 0.428418, 0.495557, 0.499475, 0.508138, 0.522341
elapsed time for k point: 11 seconds.
solve_kpoint (-0.133333,0.133333,0):
Solving for bands 1 to 9...
    iteration   10: trace = 1.528630672852105 (0.000719464% change)
Finished solving for bands 1 to 9 after 16 iterations.
zoddfreqs:, 14, -0.133333, 0.133333, 0, 0.266667, 0.237833, 0.318252, 0.331074, 0.416747, 0.430898, 0.436843, 0.449709, 0.489417, 0.518859
elapsed time for k point: 9 seconds.
solve_kpoint (-0.0666667,0.0666667,0):
Solving for bands 1 to 9...
    iteration    8: trace = 1.367713004201866 (0.00307637% change)
Finished solving for bands 1 to 9 after 13 iterations.
zoddfreqs:, 15, -0.0666667, 0.0666667, 0, 0.133333, 0.125118, 0.259166, 0.265789, 0.394306, 0.396748, 0.438589, 0.460922, 0.477725, 0.517977
elapsed time for k point: 8 seconds.
solve_kpoint (0,0,0):
Solving for bands 2 to 9...
    iteration    8: trace = 1.31385656858352 (0.00706465% change)
Finished solving for bands 2 to 9 after 14 iterations.
zoddfreqs:, 16, 0, 0, 0, 0, 0, 0.236321, 0.236359, 0.383662, 0.383852, 0.453594, 0.465226, 0.46558, 0.518278
elapsed time for k point: 8 seconds.
Band 1 range: 0.0 at #(0.0 0.0 0.0) to 0.3694586731465144 at #(-0.3333333333333333 0.3333333333333333 0.0)
Band 2 range: 0.2363209058465391 at #(0.0 0.0 0.0) to 0.38300067606980814 at #(-0.2 0.2 0.0)
Band 3 range: 0.2363592974961921 at #(0.0 0.0 0.0) to 0.42071653684722315 at #(-0.0666666666666667 0.4666666666666666 0.0)
Band 4 range: 0.38366178110626825 at #(0.0 0.0 0.0) to 0.4396539604878223 at #(0.0 0.4 0.0)
Band 5 range: 0.383852171875412 at #(0.0 0.0 0.0) to 0.5066771939862554 at #(-0.3333333333333333 0.3333333333333333 0.0)
Band 6 range: 0.4281590037460734 at #(0.0 0.20000000000000004 0.0) to 0.5386328517542324 at #(-0.0666666666666667 0.4666666666666666 0.0)
Band 7 range: 0.4497087963028821 at #(-0.13333333333333333 0.13333333333333333 0.0) to 0.5644748371272018 at #(-0.3333333333333333 0.3333333333333333 0.0)
Band 8 range: 0.4655804347970621 at #(0.0 0.0 0.0) to 0.5746799119463981 at #(-0.13333333333333336 0.4333333333333333 0.0)
Band 9 range: 0.5179769587422767 at #(-0.06666666666666667 0.06666666666666667 0.0) to 0.5859303492614638 at #(-0.13333333333333336 0.4333333333333333 0.0)
total elapsed time for run: 4 minutes, 35 seconds.
done.
eigensolver iterations for 32 k-points: 9-93, mean = 989/36, median = 15.5
mean flops per iteration = 230575876.79878667
mean time per iteration = 0.631319514661274 s

Some deprecated features have been used.  Set the environment
variable GUILE_WARN_DEPRECATED to "detailed" and rerun the
program to get more information.  Set it to "no" to suppress
this message.
